template.c(84): Error! E1009: Expecting ',' but found '__far'
template.c(86): Error! E1011: Symbol 'dp' has not been declared
template.c(86): Error! E1033: Expression for '->' must be 'pointer to struct or union'
template.c(86): Error! E1011: Symbol 'FORM_FACTOR' has not been declared
template.c(87): Error! E1033: Expression for '->' must be 'pointer to struct or union'
template.c(88): Error! E1033: Expression for '->' must be 'pointer to struct or union'
template.c(89): Error! E1033: Expression for '->' must be 'pointer to struct or union'
template.c(89): Error! E1058: Cannot use typedef 'bpb' as a variable
template.c(89): Error! E1032: Expression for '.' must be a 'structure' or 'union'
template.c(89): Error! E1009: Expecting ')' but found '.'
template.c(89): Error! E1011: Symbol 'track_size' has not been declared
template.c(89): Error! E1037: Type cast must be a scalar type
template.c(89): Note! I2003: source conversion type is 'int'
template.c(89): Note! I2004: target conversion type is 'struct {...}'
template.c(89): Error! E1058: Cannot use typedef 'bpb' as a variable
template.c(89): Error! E1032: Expression for '.' must be a 'structure' or 'union'
template.c(89): Error! E1009: Expecting ';' but found ')'
template.c(89): Error! E1063: Missing operand
template.c(89): Warning! W111: Meaningless use of an expression
template.c(89): Error! E1009: Expecting ';' but found ')'
template.c(89): Error! E1063: Missing operand
template.c(89): Warning! W111: Meaningless use of an expression
template.c(89): Error! E1009: Expecting ';' but found ')'
template.c(89): Error! E1063: Missing operand
template.c(89): Warning! W111: Meaningless use of an expression
template.c(89): Error! E1147: Too many errors: compilation aborted
